#
# A fatal error has been detected by the Java Runtime Environment:
#
#  EXCEPTION_ACCESS_VIOLATION (0xc0000005) at pc=0x00000000524d24ca, pid=4832, tid=0x000000000000143c
#
# JRE version: Java(TM) SE Runtime Environment (8.0_144-b01) (build 1.8.0_144-b01)
# Java VM: Java HotSpot(TM) 64-Bit Server VM (25.144-b01 mixed mode windows-amd64 compressed oops)
# Problematic frame:
# V  [jvm.dll+0x2a24ca]
#
# Failed to write core dump. Minidumps are not enabled by default on client versions of Windows
#
# If you would like to submit a bug report, please visit:
#   http://bugreport.java.com/bugreport/crash.jsp
#

---------------  T H R E A D  ---------------

Current thread (0x00000000175f6000):  JavaThread "C2 CompilerThread1" daemon [_thread_in_native, id=5180, stack(0x0000000018bf0000,0x0000000018cf0000)]

siginfo: ExceptionCode=0xc0000005, reading address 0x0000000000000000

Registers:
RAX=0x0000000000000000, RBX=0x0000000019f85138, RCX=0x0000000018cec630, RDX=0x0000000000000000
RSP=0x0000000018cec5e0, RBP=0x0000000018cec6b8, RSI=0x0000000019675f48, RDI=0xffffffffffffffff
R8 =0x0000000000000000, R9 =0x0000000000002000, R10=0x000000001a3fe3f0, R11=0x00000000528270e8
R12=0x0000000019f85138, R13=0x0000000018cec870, R14=0x0000000018cec758, R15=0x0000000000000000
RIP=0x00000000524d24ca, EFLAGS=0x0000000000010202

Top of Stack: (sp=0x0000000018cec5e0)
0x0000000018cec5e0:   0000000000000001 0000000019e408c8
0x0000000018cec5f0:   0000528ce9a5f5c6 000000001a296968
0x0000000018cec600:   ffffffffffffffff 000000005277e564
0x0000000018cec610:   0000000019f85138 0000000019b98eb0
0x0000000018cec620:   ffffffffffffffff 0000000019f85138
0x0000000018cec630:   00000000528270e8 000000001a3ff7e8
0x0000000018cec640:   0000000000000000 ffffffffffffffff
0x0000000018cec650:   0000000000000001 00000000526bb20f
0x0000000018cec660:   0000000018cec870 0000000019b98d90
0x0000000018cec670:   0000000000000001 0000000018cec6b8
0x0000000018cec680:   0000292b00000293 0000000000000000
0x0000000018cec690:   0000000000000007 0000000019d57050
0x0000000018cec6a0:   0000000017565e10 000000001a280460
0x0000000018cec6b0:   000000001a282ff8 000000001a27b010
0x0000000018cec6c0:   0000000018cec759 00000000526bc0ac
0x0000000018cec6d0:   0000000018cec870 0000000000000105 

Instructions: (pc=0x00000000524d24ca)
0x00000000524d24aa:   00 00 48 83 c4 20 5f c3 cc cc cc cc cc cc cc cc
0x00000000524d24ba:   cc cc cc cc cc cc 48 89 5c 24 08 57 48 83 ec 20
0x00000000524d24ca:   83 3a 00 48 8b d9 48 8b 49 08 41 0f b6 f8 4c 8b
0x00000000524d24da:   ca 0f 8c 9f 00 00 00 4c 8b 41 10 e8 96 42 d8 ff 


Register to memory mapping:

RAX=0x0000000000000000 is an unknown value
RBX=0x0000000019f85138 is an unknown value
RCX=0x0000000018cec630 is pointing into the stack for thread: 0x00000000175f6000
RDX=0x0000000000000000 is an unknown value
RSP=0x0000000018cec5e0 is pointing into the stack for thread: 0x00000000175f6000
RBP=0x0000000018cec6b8 is pointing into the stack for thread: 0x00000000175f6000
RSI=0x0000000019675f48 is an unknown value
RDI=0xffffffffffffffff is an unknown value
R8 =0x0000000000000000 is an unknown value
R9 =0x0000000000002000 is an unknown value
R10=0x000000001a3fe3f0 is an unknown value
R11=0x00000000528270e8 is an unknown value
R12=0x0000000019f85138 is an unknown value
R13=0x0000000018cec870 is pointing into the stack for thread: 0x00000000175f6000
R14=0x0000000018cec758 is pointing into the stack for thread: 0x00000000175f6000
R15=0x0000000000000000 is an unknown value


Stack: [0x0000000018bf0000,0x0000000018cf0000],  sp=0x0000000018cec5e0,  free space=1009k
Native frames: (J=compiled Java code, j=interpreted, Vv=VM code, C=native code)
V  [jvm.dll+0x2a24ca]
V  [jvm.dll+0x54e564]
V  [jvm.dll+0x48b20f]
V  [jvm.dll+0x48c0ac]
V  [jvm.dll+0x48d02a]
V  [jvm.dll+0x4744dc]
V  [jvm.dll+0x476ec7]
V  [jvm.dll+0x4598c2]
V  [jvm.dll+0xa5dc2]
V  [jvm.dll+0xa66ff]
V  [jvm.dll+0x24524f]
V  [jvm.dll+0x29ca6a]
C  [MSVCR100.dll+0x21d9f]
C  [MSVCR100.dll+0x21e3b]
C  [KERNEL32.DLL+0x18102]
C  [ntdll.dll+0x5c5b4]


Current CompileTask:
C2:   2263 1110       4       com.sun.tools.javac.code.Types::union (166 bytes)


---------------  P R O C E S S  ---------------

Java Threads: ( => current thread )
  0x0000000018df5000 JavaThread "Service Thread" daemon [_thread_blocked, id=5760, stack(0x00000000191f0000,0x00000000192f0000)]
  0x00000000175fe000 JavaThread "C1 CompilerThread2" daemon [_thread_in_native, id=5220, stack(0x0000000018cf0000,0x0000000018df0000)]
=>0x00000000175f6000 JavaThread "C2 CompilerThread1" daemon [_thread_in_native, id=5180, stack(0x0000000018bf0000,0x0000000018cf0000)]
  0x000000001759c000 JavaThread "C2 CompilerThread0" daemon [_thread_in_native, id=3232, stack(0x0000000018af0000,0x0000000018bf0000)]
  0x000000001759b000 JavaThread "Attach Listener" daemon [_thread_blocked, id=1244, stack(0x00000000189f0000,0x0000000018af0000)]
  0x0000000017599800 JavaThread "Signal Dispatcher" daemon [_thread_blocked, id=3800, stack(0x00000000188f0000,0x00000000189f0000)]
  0x0000000017589000 JavaThread "Finalizer" daemon [_thread_blocked, id=5012, stack(0x00000000187f0000,0x00000000188f0000)]
  0x0000000002a61000 JavaThread "Reference Handler" daemon [_thread_blocked, id=792, stack(0x00000000186f0000,0x00000000187f0000)]
  0x0000000002970800 JavaThread "main" [_thread_in_vm, id=5480, stack(0x0000000002870000,0x0000000002970000)]

Other Threads:
  0x0000000017567000 VMThread [stack: 0x00000000185f0000,0x00000000186f0000] [id=2400]
  0x0000000018e01000 WatcherThread [stack: 0x00000000192f0000,0x00000000193f0000] [id=656]

VM state:not at safepoint (normal execution)

VM Mutex/Monitor currently owned by a thread: None

Heap:
 PSYoungGen      total 14336K, used 13262K [0x00000000d5f00000, 0x00000000d7880000, 0x0000000100000000)
  eden space 10240K, 89% used [0x00000000d5f00000,0x00000000d67f4260,0x00000000d6900000)
  from space 4096K, 99% used [0x00000000d6900000,0x00000000d6cff918,0x00000000d6d00000)
  to   space 5120K, 0% used [0x00000000d7380000,0x00000000d7380000,0x00000000d7880000)
 ParOldGen       total 9728K, used 5032K [0x0000000081c00000, 0x0000000082580000, 0x00000000d5f00000)
  object space 9728K, 51% used [0x0000000081c00000,0x00000000820ea048,0x0000000082580000)
 Metaspace       used 8987K, capacity 9588K, committed 9856K, reserved 1058816K
  class space    used 1018K, capacity 1072K, committed 1152K, reserved 1048576K

Card table byte_map: [0x0000000011e30000,0x0000000012230000] byte_map_base: 0x0000000011a22000

Marking Bits: (ParMarkBitMap*) 0x0000000052a4d850
 Begin Bits: [0x00000000128e0000, 0x0000000014870000)
 End Bits:   [0x0000000014870000, 0x0000000016800000)

Polling page: 0x0000000000e80000

CodeCache: size=245760Kb used=5179Kb max_used=5179Kb free=240580Kb
 bounds [0x0000000002a70000, 0x0000000002f90000, 0x0000000011a70000]
 total_blobs=1609 nmethods=1312 adapters=209
 compilation: enabled

Compilation events (10 events):
Event: 2.233 Thread 0x00000000175fe000 1291       3       com.sun.tools.javac.code.Types$7::visitType (10 bytes)
Event: 2.234 Thread 0x00000000175fe000 nmethod 1291 0x0000000002f69e50 code [0x0000000002f6a020, 0x0000000002f6a6a8]
Event: 2.234 Thread 0x00000000175fe000 1292       3       com.sun.tools.javac.code.Types$7::visitType (33 bytes)
Event: 2.234 Thread 0x00000000175fe000 nmethod 1292 0x0000000002f6a990 code [0x0000000002f6ab40, 0x0000000002f6b048]
Event: 2.238 Thread 0x000000001759c000 nmethod 1141 0x0000000002f6b490 code [0x0000000002f6b8e0, 0x0000000002f6eaa0]
Event: 2.238 Thread 0x000000001759c000 1278       4       java.lang.Boolean::valueOf (14 bytes)
Event: 2.239 Thread 0x000000001759c000 nmethod 1278 0x0000000002f68510 code [0x0000000002f68640, 0x0000000002f68698]
Event: 2.239 Thread 0x000000001759c000 1161       4       com.sun.tools.javac.code.Types::supertype (12 bytes)
Event: 2.241 Thread 0x000000001759c000 nmethod 1161 0x0000000002f699d0 code [0x0000000002f69b20, 0x0000000002f69c48]
Event: 2.241 Thread 0x000000001759c000 1272       4       com.sun.tools.javac.util.List::prepend (10 bytes)

GC Heap History (10 events):
Event: 0.909 GC heap before
{Heap before GC invocations=4 (full 0):
 PSYoungGen      total 3584K, used 3568K [0x00000000d5f00000, 0x00000000d6600000, 0x0000000100000000)
  eden space 3072K, 100% used [0x00000000d5f00000,0x00000000d6200000,0x00000000d6200000)
  from space 512K, 96% used [0x00000000d6200000,0x00000000d627c030,0x00000000d6280000)
  to   space 512K, 0% used [0x00000000d6580000,0x00000000d6580000,0x00000000d6600000)
 ParOldGen       total 5632K, used 583K [0x0000000081c00000, 0x0000000082180000, 0x00000000d5f00000)
  object space 5632K, 10% used [0x0000000081c00000,0x0000000081c91f58,0x0000000082180000)
 Metaspace       used 6248K, capacity 7284K, committed 7552K, reserved 1056768K
  class space    used 785K, capacity 816K, committed 896K, reserved 1048576K
Event: 0.911 GC heap after
Heap after GC invocations=4 (full 0):
 PSYoungGen      total 6656K, used 496K [0x00000000d5f00000, 0x00000000d6600000, 0x0000000100000000)
  eden space 6144K, 0% used [0x00000000d5f00000,0x00000000d5f00000,0x00000000d6500000)
  from space 512K, 96% used [0x00000000d6580000,0x00000000d65fc020,0x00000000d6600000)
  to   space 512K, 0% used [0x00000000d6500000,0x00000000d6500000,0x00000000d6580000)
 ParOldGen       total 5632K, used 949K [0x0000000081c00000, 0x0000000082180000, 0x00000000d5f00000)
  object space 5632K, 16% used [0x0000000081c00000,0x0000000081ced468,0x0000000082180000)
 Metaspace       used 6248K, capacity 7284K, committed 7552K, reserved 1056768K
  class space    used 785K, capacity 816K, committed 896K, reserved 1048576K
}
Event: 1.176 GC heap before
{Heap before GC invocations=5 (full 0):
 PSYoungGen      total 6656K, used 6640K [0x00000000d5f00000, 0x00000000d6600000, 0x0000000100000000)
  eden space 6144K, 100% used [0x00000000d5f00000,0x00000000d6500000,0x00000000d6500000)
  from space 512K, 96% used [0x00000000d6580000,0x00000000d65fc020,0x00000000d6600000)
  to   space 512K, 0% used [0x00000000d6500000,0x00000000d6500000,0x00000000d6580000)
 ParOldGen       total 5632K, used 949K [0x0000000081c00000, 0x0000000082180000, 0x00000000d5f00000)
  object space 5632K, 16% used [0x0000000081c00000,0x0000000081ced468,0x0000000082180000)
 Metaspace       used 7477K, capacity 8244K, committed 8448K, reserved 1056768K
  class space    used 905K, capacity 944K, committed 1024K, reserved 1048576K
Event: 1.185 GC heap after
Heap after GC invocations=5 (full 0):
 PSYoungGen      total 6656K, used 496K [0x00000000d5f00000, 0x00000000d7100000, 0x0000000100000000)
  eden space 6144K, 0% used [0x00000000d5f00000,0x00000000d5f00000,0x00000000d6500000)
  from space 512K, 96% used [0x00000000d6500000,0x00000000d657c020,0x00000000d6580000)
  to   space 3072K, 0% used [0x00000000d6e00000,0x00000000d6e00000,0x00000000d7100000)
 ParOldGen       total 5632K, used 4092K [0x0000000081c00000, 0x0000000082180000, 0x00000000d5f00000)
  object space 5632K, 72% used [0x0000000081c00000,0x0000000081fff190,0x0000000082180000)
 Metaspace       used 7477K, capacity 8244K, committed 8448K, reserved 1056768K
  class space    used 905K, capacity 944K, committed 1024K, reserved 1048576K
}
Event: 1.185 GC heap before
{Heap before GC invocations=6 (full 1):
 PSYoungGen      total 6656K, used 496K [0x00000000d5f00000, 0x00000000d7100000, 0x0000000100000000)
  eden space 6144K, 0% used [0x00000000d5f00000,0x00000000d5f00000,0x00000000d6500000)
  from space 512K, 96% used [0x00000000d6500000,0x00000000d657c020,0x00000000d6580000)
  to   space 3072K, 0% used [0x00000000d6e00000,0x00000000d6e00000,0x00000000d7100000)
 ParOldGen       total 5632K, used 4092K [0x0000000081c00000, 0x0000000082180000, 0x00000000d5f00000)
  object space 5632K, 72% used [0x0000000081c00000,0x0000000081fff190,0x0000000082180000)
 Metaspace       used 7477K, capacity 8244K, committed 8448K, reserved 1056768K
  class space    used 905K, capacity 944K, committed 1024K, reserved 1048576K
Event: 1.220 GC heap after
Heap after GC invocations=6 (full 1):
 PSYoungGen      total 6656K, used 0K [0x00000000d5f00000, 0x00000000d7100000, 0x0000000100000000)
  eden space 6144K, 0% used [0x00000000d5f00000,0x00000000d5f00000,0x00000000d6500000)
  from space 512K, 0% used [0x00000000d6500000,0x00000000d6500000,0x00000000d6580000)
  to   space 3072K, 0% used [0x00000000d6e00000,0x00000000d6e00000,0x00000000d7100000)
 ParOldGen       total 9728K, used 4456K [0x0000000081c00000, 0x0000000082580000, 0x00000000d5f00000)
  object space 9728K, 45% used [0x0000000081c00000,0x000000008205a200,0x0000000082580000)
 Metaspace       used 7477K, capacity 8244K, committed 8448K, reserved 1056768K
  class space    used 905K, capacity 944K, committed 1024K, reserved 1048576K
}
Event: 1.359 GC heap before
{Heap before GC invocations=7 (full 1):
 PSYoungGen      total 6656K, used 6144K [0x00000000d5f00000, 0x00000000d7100000, 0x0000000100000000)
  eden space 6144K, 100% used [0x00000000d5f00000,0x00000000d6500000,0x00000000d6500000)
  from space 512K, 0% used [0x00000000d6500000,0x00000000d6500000,0x00000000d6580000)
  to   space 3072K, 0% used [0x00000000d6e00000,0x00000000d6e00000,0x00000000d7100000)
 ParOldGen       total 9728K, used 4456K [0x0000000081c00000, 0x0000000082580000, 0x00000000d5f00000)
  object space 9728K, 45% used [0x0000000081c00000,0x000000008205a200,0x0000000082580000)
 Metaspace       used 7562K, capacity 8308K, committed 8448K, reserved 1056768K
  class space    used 909K, capacity 944K, committed 1024K, reserved 1048576K
Event: 1.375 GC heap after
Heap after GC invocations=7 (full 1):
 PSYoungGen      total 12800K, used 3051K [0x00000000d5f00000, 0x00000000d7100000, 0x0000000100000000)
  eden space 9728K, 0% used [0x00000000d5f00000,0x00000000d5f00000,0x00000000d6880000)
  from space 3072K, 99% used [0x00000000d6e00000,0x00000000d70fae00,0x00000000d7100000)
  to   space 4096K, 0% used [0x00000000d6900000,0x00000000d6900000,0x00000000d6d00000)
 ParOldGen       total 9728K, used 5016K [0x0000000081c00000, 0x0000000082580000, 0x00000000d5f00000)
  object space 9728K, 51% used [0x0000000081c00000,0x00000000820e6048,0x0000000082580000)
 Metaspace       used 7562K, capacity 8308K, committed 8448K, reserved 1056768K
  class space    used 909K, capacity 944K, committed 1024K, reserved 1048576K
}
Event: 1.689 GC heap before
{Heap before GC invocations=8 (full 1):
 PSYoungGen      total 12800K, used 12779K [0x00000000d5f00000, 0x00000000d7100000, 0x0000000100000000)
  eden space 9728K, 100% used [0x00000000d5f00000,0x00000000d6880000,0x00000000d6880000)
  from space 3072K, 99% used [0x00000000d6e00000,0x00000000d70fae00,0x00000000d7100000)
  to   space 4096K, 0% used [0x00000000d6900000,0x00000000d6900000,0x00000000d6d00000)
 ParOldGen       total 9728K, used 5016K [0x0000000081c00000, 0x0000000082580000, 0x00000000d5f00000)
  object space 9728K, 51% used [0x0000000081c00000,0x00000000820e6048,0x0000000082580000)
 Metaspace       used 7726K, capacity 8436K, committed 8704K, reserved 1056768K
  class space    used 918K, capacity 944K, committed 1024K, reserved 1048576K
Event: 1.715 GC heap after
Heap after GC invocations=8 (full 1):
 PSYoungGen      total 14336K, used 4094K [0x00000000d5f00000, 0x00000000d7880000, 0x0000000100000000)
  eden space 10240K, 0% used [0x00000000d5f00000,0x00000000d5f00000,0x00000000d6900000)
  from space 4096K, 99% used [0x00000000d6900000,0x00000000d6cff918,0x00000000d6d00000)
  to   space 5120K, 0% used [0x00000000d7380000,0x00000000d7380000,0x00000000d7880000)
 ParOldGen       total 9728K, used 5032K [0x0000000081c00000, 0x0000000082580000, 0x00000000d5f00000)
  object space 9728K, 51% used [0x0000000081c00000,0x00000000820ea048,0x0000000082580000)
 Metaspace       used 7726K, capacity 8436K, committed 8704K, reserved 1056768K
  class space    used 918K, capacity 944K, committed 1024K, reserved 1048576K
}

Deoptimization events (10 events):
Event: 1.479 Thread 0x0000000002970800 Uncommon trap: reason=class_check action=maybe_recompile pc=0x0000000002d462a0 method=com.sun.tools.javac.util.List.reverse()Lcom/sun/tools/javac/util/List; @ 11
Event: 1.497 Thread 0x0000000002970800 Uncommon trap: reason=unstable_if action=reinterpret pc=0x0000000002d475a8 method=com.sun.tools.javac.code.Scope.getIndex(Lcom/sun/tools/javac/util/Name;)I @ 60
Event: 1.552 Thread 0x0000000002970800 Uncommon trap: reason=class_check action=maybe_recompile pc=0x0000000002d45bdc method=com.sun.tools.javac.util.List.prependList(Lcom/sun/tools/javac/util/List;)Lcom/sun/tools/javac/util/List; @ 1
Event: 1.561 Thread 0x0000000002970800 Uncommon trap: reason=unstable_if action=reinterpret pc=0x0000000002d6b778 method=com.sun.tools.javac.util.SharedNameTable.fromUtf([BII)Lcom/sun/tools/javac/util/Name; @ 55
Event: 1.758 Thread 0x0000000002970800 Uncommon trap: reason=class_check action=maybe_recompile pc=0x0000000002d45bdc method=com.sun.tools.javac.util.List.prependList(Lcom/sun/tools/javac/util/List;)Lcom/sun/tools/javac/util/List; @ 1
Event: 1.758 Thread 0x0000000002970800 Uncommon trap: reason=class_check action=maybe_recompile pc=0x0000000002d45bdc method=com.sun.tools.javac.util.List.prependList(Lcom/sun/tools/javac/util/List;)Lcom/sun/tools/javac/util/List; @ 1
Event: 1.758 Thread 0x0000000002970800 Uncommon trap: reason=class_check action=maybe_recompile pc=0x0000000002d45bdc method=com.sun.tools.javac.util.List.prependList(Lcom/sun/tools/javac/util/List;)Lcom/sun/tools/javac/util/List; @ 1
Event: 1.824 Thread 0x0000000002970800 Uncommon trap: reason=unstable_if action=reinterpret pc=0x0000000002db1938 method=com.sun.tools.javac.code.Scope.lookup(Lcom/sun/tools/javac/util/Name;Lcom/sun/tools/javac/util/Filter;)Lcom/sun/tools/javac/code/Scope$Entry; @ 54
Event: 2.193 Thread 0x0000000002970800 Uncommon trap: reason=class_check action=maybe_recompile pc=0x0000000002d6d160 method=java.util.HashMap.putVal(ILjava/lang/Object;Ljava/lang/Object;ZZ)Ljava/lang/Object; @ 253
Event: 2.232 Thread 0x0000000002970800 Uncommon trap: reason=class_check action=maybe_recompile pc=0x0000000002d6d160 method=java.util.HashMap.putVal(ILjava/lang/Object;Ljava/lang/Object;ZZ)Ljava/lang/Object; @ 253

Internal exceptions (10 events):
Event: 0.081 Thread 0x0000000002970800 Exception <a 'java/lang/NoSuchMethodError': Method sun.misc.Unsafe.defineClass(Ljava/lang/String;[BII)Ljava/lang/Class; name or signature does not match> (0x00000000d5f07cd8) thrown at [C:\re\workspace\8-2-build-windows-amd64-cygwin\jdk8u144\9417\hotspot\
Event: 0.081 Thread 0x0000000002970800 Exception <a 'java/lang/NoSuchMethodError': Method sun.misc.Unsafe.prefetchRead(Ljava/lang/Object;J)V name or signature does not match> (0x00000000d5f07fc0) thrown at [C:\re\workspace\8-2-build-windows-amd64-cygwin\jdk8u144\9417\hotspot\src\share\vm\prims
Event: 0.453 Thread 0x0000000002970800 Exception <a 'java/security/PrivilegedActionException'> (0x00000000d60787e8) thrown at [C:\re\workspace\8-2-build-windows-amd64-cygwin\jdk8u144\9417\hotspot\src\share\vm\prims\jvm.cpp, line 1390]
Event: 0.453 Thread 0x0000000002970800 Exception <a 'java/security/PrivilegedActionException'> (0x00000000d6078be0) thrown at [C:\re\workspace\8-2-build-windows-amd64-cygwin\jdk8u144\9417\hotspot\src\share\vm\prims\jvm.cpp, line 1390]
Event: 0.460 Thread 0x0000000002970800 Exception <a 'java/security/PrivilegedActionException'> (0x00000000d607ccd8) thrown at [C:\re\workspace\8-2-build-windows-amd64-cygwin\jdk8u144\9417\hotspot\src\share\vm\prims\jvm.cpp, line 1390]
Event: 0.461 Thread 0x0000000002970800 Exception <a 'java/security/PrivilegedActionException'> (0x00000000d607d0d0) thrown at [C:\re\workspace\8-2-build-windows-amd64-cygwin\jdk8u144\9417\hotspot\src\share\vm\prims\jvm.cpp, line 1390]
Event: 0.473 Thread 0x0000000002970800 Exception <a 'java/security/PrivilegedActionException'> (0x00000000d5f329c0) thrown at [C:\re\workspace\8-2-build-windows-amd64-cygwin\jdk8u144\9417\hotspot\src\share\vm\prims\jvm.cpp, line 1390]
Event: 0.473 Thread 0x0000000002970800 Exception <a 'java/security/PrivilegedActionException'> (0x00000000d5f32db8) thrown at [C:\re\workspace\8-2-build-windows-amd64-cygwin\jdk8u144\9417\hotspot\src\share\vm\prims\jvm.cpp, line 1390]
Event: 1.266 Thread 0x0000000002970800 Exception <a 'java/io/FileNotFoundException'> (0x00000000d60b8d00) thrown at [C:\re\workspace\8-2-build-windows-amd64-cygwin\jdk8u144\9417\hotspot\src\share\vm\prims\jni.cpp, line 709]
Event: 1.270 Thread 0x0000000002970800 Exception <a 'java/io/FileNotFoundException'> (0x00000000d610f9e8) thrown at [C:\re\workspace\8-2-build-windows-amd64-cygwin\jdk8u144\9417\hotspot\src\share\vm\prims\jni.cpp, line 709]

Events (10 events):
Event: 2.238 loading class com/sun/tools/javac/comp/LambdaToMethod$LambdaAnalyzerPreprocessor$SyntheticMethodNameCounter
Event: 2.238 loading class com/sun/tools/javac/comp/LambdaToMethod$LambdaAnalyzerPreprocessor$SyntheticMethodNameCounter done
Event: 2.239 loading class com/sun/tools/javac/comp/LambdaToMethod$LambdaAnalyzerPreprocessor$Frame
Event: 2.239 loading class com/sun/tools/javac/comp/LambdaToMethod$LambdaAnalyzerPreprocessor$Frame done
Event: 2.239 loading class com/sun/tools/javac/comp/LambdaToMethod$1
Event: 2.239 loading class com/sun/tools/javac/comp/LambdaToMethod$1 done
Event: 2.240 loading class com/sun/tools/javac/comp/LambdaToMethod$LambdaSymbolKind
Event: 2.240 loading class com/sun/tools/javac/comp/LambdaToMethod$LambdaSymbolKind done
Event: 2.241 loading class com/sun/tools/javac/tree/JCTree$JCMemberReference$ReferenceKind
Event: 2.241 loading class com/sun/tools/javac/tree/JCTree$JCMemberReference$ReferenceKind done


Dynamic libraries:
0x00007ff705c40000 - 0x00007ff705c47000 	C:\Program Files\Java\jdk1.8.0_144\bin\javac.exe
0x00007ffa26cd0000 - 0x00007ffa26e91000 	C:\Windows\SYSTEM32\ntdll.dll
0x00007ffa26410000 - 0x00007ffa264bd000 	C:\Windows\system32\KERNEL32.DLL
0x00007ffa23770000 - 0x00007ffa23958000 	C:\Windows\system32\KERNELBASE.dll
0x0000000051d80000 - 0x0000000051daf000 	C:\Program Files\Java\jdk1.8.0_144\bin\jli.dll
0x00007ffa260c0000 - 0x00007ffa26167000 	C:\Windows\system32\ADVAPI32.dll
0x00007ffa26890000 - 0x00007ffa2692d000 	C:\Windows\system32\msvcrt.dll
0x00007ffa24440000 - 0x00007ffa2449b000 	C:\Windows\system32\sechost.dll
0x00007ffa26770000 - 0x00007ffa2688d000 	C:\Windows\system32\RPCRT4.dll
0x00007ffa25f60000 - 0x00007ffa260b6000 	C:\Windows\system32\USER32.dll
0x00007ffa265e0000 - 0x00007ffa26767000 	C:\Windows\system32\GDI32.dll
0x0000000051ca0000 - 0x0000000051d72000 	C:\Program Files\Java\jdk1.8.0_144\bin\MSVCR100.dll
0x00007ffa18b80000 - 0x00007ffa18df4000 	C:\Windows\WinSxS\amd64_microsoft.windows.common-controls_6595b64144ccf1df_6.0.10586.839_none_a2ddba30a539a2ae\COMCTL32.dll
0x00007ffa26190000 - 0x00007ffa2640e000 	C:\Windows\system32\combase.dll
0x00007ffa23690000 - 0x00007ffa236fa000 	C:\Windows\system32\bcryptPrimitives.dll
0x00007ffa240d0000 - 0x00007ffa2410b000 	C:\Windows\system32\IMM32.DLL
0x0000000052150000 - 0x0000000052222000 	C:\Program Files\Java\jdk1.8.0_144\jre\bin\msvcr100.dll
0x0000000052230000 - 0x0000000052acd000 	C:\Program Files\Java\jdk1.8.0_144\jre\bin\server\jvm.dll
0x00007ffa24430000 - 0x00007ffa24438000 	C:\Windows\system32\PSAPI.DLL
0x00007ffa1c4c0000 - 0x00007ffa1c4c9000 	C:\Windows\SYSTEM32\WSOCK32.dll
0x00007ffa26570000 - 0x00007ffa265db000 	C:\Windows\system32\WS2_32.dll
0x00007ffa21190000 - 0x00007ffa211b3000 	C:\Windows\SYSTEM32\WINMM.dll
0x00007ffa21810000 - 0x00007ffa2181a000 	C:\Windows\SYSTEM32\VERSION.dll
0x00007ffa21130000 - 0x00007ffa2115c000 	C:\Windows\SYSTEM32\WINMMBASE.dll
0x00007ffa23720000 - 0x00007ffa23763000 	C:\Windows\system32\cfgmgr32.dll
0x0000000052100000 - 0x000000005210f000 	C:\Program Files\Java\jdk1.8.0_144\jre\bin\verify.dll
0x00000000520d0000 - 0x00000000520f9000 	C:\Program Files\Java\jdk1.8.0_144\jre\bin\java.dll
0x00000000520b0000 - 0x00000000520c6000 	C:\Program Files\Java\jdk1.8.0_144\jre\bin\zip.dll
0x00007ffa24a00000 - 0x00007ffa25f5c000 	C:\Windows\system32\SHELL32.dll
0x00007ffa23960000 - 0x00007ffa23fa5000 	C:\Windows\system32\windows.storage.dll
0x00007ffa249a0000 - 0x00007ffa249f2000 	C:\Windows\system32\shlwapi.dll
0x00007ffa23360000 - 0x00007ffa2336f000 	C:\Windows\system32\kernel.appcore.dll
0x00007ffa24010000 - 0x00007ffa240c5000 	C:\Windows\system32\shcore.dll
0x00007ffa232f0000 - 0x00007ffa2333b000 	C:\Windows\system32\powrprof.dll
0x00007ffa23340000 - 0x00007ffa23354000 	C:\Windows\system32\profapi.dll
0x00007ffa06fb0000 - 0x00007ffa0713c000 	C:\Windows\SYSTEM32\dbghelp.dll

VM Arguments:
jvm_args: -Dapplication.home=C:\Program Files\Java\jdk1.8.0_144 -Xms8m 
java_command: com.sun.tools.javac.Main -d C:\Users\Owner\Desktop\CS245Project\build\classes -classpath C:\Users\Owner\Desktop\CS245Project\build\classes;C:\Program Files\NetBeans 8.2\java\modules\ext\AbsoluteLayout.jar -sourcepath C:\Users\Owner\Desktop\CS245Project\build\empty -target 1.8 -encoding UTF-8 -g -processorpath C:\Program Files\NetBeans 8.2\java\modules\ext\AbsoluteLayout.jar;C:\Users\Owner\Desktop\CS245Project\build\empty -s C:\Users\Owner\Desktop\CS245Project\build\generated-sources\ap-source-output -source 1.8 C:\Users\Owner\Desktop\CS245Project\src\Main\GameGUI.java C:\Users\Owner\Desktop\CS245Project\src\Main\TeamInfoFrame.java
java_class_path (initial): C:\Program Files\Java\jdk1.8.0_144/lib/tools.jar;C:\Program Files\Java\jdk1.8.0_144/classes
Launcher Type: SUN_STANDARD

Environment Variables:
PATH=C:\ProgramData\Oracle\Java\javapath;C:\Windows\system32;C:\Windows;C:\Windows\System32\Wbem;C:\Windows\System32\WindowsPowerShell\v1.0\;C:\Program Files\nodejs\;C:\Users\Owner\AppData\Local\GitHubDesktop\bin;C:\Users\Owner\AppData\Roaming\npm
USERNAME=Owner
OS=Windows_NT
PROCESSOR_IDENTIFIER=Intel64 Family 6 Model 42 Stepping 7, GenuineIntel



---------------  S Y S T E M  ---------------

OS: Windows 10.0 , 64 bit Build 10586 (10.0.10586.589)

CPU:total 4 (initial active 4) (2 cores per cpu, 2 threads per core) family 6 model 42 stepping 7, cmov, cx8, fxsr, mmx, sse, sse2, sse3, ssse3, sse4.1, sse4.2, popcnt, avx, aes, clmul, ht, tsc, tscinvbit

Memory: 4k page, physical 8272188k(5392108k free), swap 9582908k(6695392k free)

vm_info: Java HotSpot(TM) 64-Bit Server VM (25.144-b01) for windows-amd64 JRE (1.8.0_144-b01), built on Jul 21 2017 21:57:33 by "java_re" with MS VC++ 10.0 (VS2010)

time: Tue Oct 31 14:10:59 2017
elapsed time: 2 seconds (0d 0h 0m 2s)

